<?xml version="1.0" encoding="UTF-8"?>
<!-- Generated by org.testng.reporters.JUnitReportReporter -->
<testsuite hostname="DESKTOP-PT7ORMM" failures="0" tests="1" name="com.testCases.FacebookTestCase" time="17.894" errors="0" timestamp="26 Feb 2020 18:12:37 GMT" skipped="0">
  <testcase classname="com.testCases.FacebookTestCase" name="facebookTC1" time="17.894"/>
</testsuite> <!-- com.testCases.FacebookTestCase -->
